This is pdfTeX, Version 3.14159265-2.6-1.40.19 (TeX Live 2019/dev/Debian) (preloaded format=pdflatex 2019.10.2)  12 NOV 2019 01:15
entering extended mode
 restricted \write18 enabled.
 file:line:error style messages enabled.
 %&-line parsing enabled.
**AssignmentReport.tex
(./AssignmentReport.tex
LaTeX2e <2018-12-01>
(/usr/share/texlive/texmf-dist/tex/latex/base/article.cls
Document Class: article 2018/09/03 v1.4i Standard LaTeX document class
(/usr/share/texlive/texmf-dist/tex/latex/base/size10.clo
File: size10.clo 2018/09/03 v1.4i Standard LaTeX file (size option)
)
\c@part=\count80
\c@section=\count81
\c@subsection=\count82
\c@subsubsection=\count83
\c@paragraph=\count84
\c@subparagraph=\count85
\c@figure=\count86
\c@table=\count87
\abovecaptionskip=\skip41
\belowcaptionskip=\skip42
\bibindent=\dimen102
) (/usr/share/texlive/texmf-dist/tex/latex/base/inputenc.sty
Package: inputenc 2018/08/11 v1.3c Input encoding file
\inpenc@prehook=\toks14
\inpenc@posthook=\toks15
) (/usr/share/texlive/texmf-dist/tex/latex/base/fontenc.sty
Package: fontenc 2018/08/11 v2.0j Standard LaTeX package
 (/usr/share/texlive/texmf-dist/tex/latex/base/t1enc.def
File: t1enc.def 2018/08/11 v2.0j Standard LaTeX file
LaTeX Font Info:    Redeclaring font encoding T1 on input line 48.
)) (/usr/share/texlive/texmf-dist/tex/latex/base/textcomp.sty
Package: textcomp 2018/08/11 v2.0j Standard LaTeX package
Package textcomp Info: Sub-encoding information:
(textcomp)               5 = only ISO-Adobe without \textcurrency
(textcomp)               4 = 5 + \texteuro
(textcomp)               3 = 4 + \textohm
(textcomp)               2 = 3 + \textestimated + \textcurrency
(textcomp)               1 = TS1 - \textcircled - \t
(textcomp)               0 = TS1 (full)
(textcomp)             Font families with sub-encoding setting implement
(textcomp)             only a restricted character set as indicated.
(textcomp)             Family '?' is the default used for unknown fonts.
(textcomp)             See the documentation for details.
Package textcomp Info: Setting ? sub-encoding to TS1/1 on input line 79.
 (/usr/share/texlive/texmf-dist/tex/latex/base/ts1enc.def
File: ts1enc.def 2001/06/05 v3.0e (jk/car/fm) Standard LaTeX file
Now handling font encoding TS1 ...
... processing UTF-8 mapping file for font encoding TS1
 (/usr/share/texlive/texmf-dist/tex/latex/base/ts1enc.dfu
File: ts1enc.dfu 2018/10/05 v1.2f UTF-8 support for inputenc
   defining Unicode char U+00A2 (decimal 162)
   defining Unicode char U+00A3 (decimal 163)
   defining Unicode char U+00A4 (decimal 164)
   defining Unicode char U+00A5 (decimal 165)
   defining Unicode char U+00A6 (decimal 166)
   defining Unicode char U+00A7 (decimal 167)
   defining Unicode char U+00A8 (decimal 168)
   defining Unicode char U+00A9 (decimal 169)
   defining Unicode char U+00AA (decimal 170)
   defining Unicode char U+00AC (decimal 172)
   defining Unicode char U+00AE (decimal 174)
   defining Unicode char U+00AF (decimal 175)
   defining Unicode char U+00B0 (decimal 176)
   defining Unicode char U+00B1 (decimal 177)
   defining Unicode char U+00B2 (decimal 178)
   defining Unicode char U+00B3 (decimal 179)
   defining Unicode char U+00B4 (decimal 180)
   defining Unicode char U+00B5 (decimal 181)
   defining Unicode char U+00B6 (decimal 182)
   defining Unicode char U+00B7 (decimal 183)
   defining Unicode char U+00B9 (decimal 185)
   defining Unicode char U+00BA (decimal 186)
   defining Unicode char U+00BC (decimal 188)
   defining Unicode char U+00BD (decimal 189)
   defining Unicode char U+00BE (decimal 190)
   defining Unicode char U+00D7 (decimal 215)
   defining Unicode char U+00F7 (decimal 247)
   defining Unicode char U+0192 (decimal 402)
   defining Unicode char U+02C7 (decimal 711)
   defining Unicode char U+02D8 (decimal 728)
   defining Unicode char U+02DD (decimal 733)
   defining Unicode char U+0E3F (decimal 3647)
   defining Unicode char U+2016 (decimal 8214)
   defining Unicode char U+2020 (decimal 8224)
   defining Unicode char U+2021 (decimal 8225)
   defining Unicode char U+2022 (decimal 8226)
   defining Unicode char U+2030 (decimal 8240)
   defining Unicode char U+2031 (decimal 8241)
   defining Unicode char U+203B (decimal 8251)
   defining Unicode char U+203D (decimal 8253)
   defining Unicode char U+2044 (decimal 8260)
   defining Unicode char U+204E (decimal 8270)
   defining Unicode char U+2052 (decimal 8274)
   defining Unicode char U+20A1 (decimal 8353)
   defining Unicode char U+20A4 (decimal 8356)
   defining Unicode char U+20A6 (decimal 8358)
   defining Unicode char U+20A9 (decimal 8361)
   defining Unicode char U+20AB (decimal 8363)
   defining Unicode char U+20AC (decimal 8364)
   defining Unicode char U+20B1 (decimal 8369)
   defining Unicode char U+2103 (decimal 8451)
   defining Unicode char U+2116 (decimal 8470)
   defining Unicode char U+2117 (decimal 8471)
   defining Unicode char U+211E (decimal 8478)
   defining Unicode char U+2120 (decimal 8480)
   defining Unicode char U+2122 (decimal 8482)
   defining Unicode char U+2126 (decimal 8486)
   defining Unicode char U+2127 (decimal 8487)
   defining Unicode char U+212E (decimal 8494)
   defining Unicode char U+2190 (decimal 8592)
   defining Unicode char U+2191 (decimal 8593)
   defining Unicode char U+2192 (decimal 8594)
   defining Unicode char U+2193 (decimal 8595)
   defining Unicode char U+2329 (decimal 9001)
   defining Unicode char U+232A (decimal 9002)
   defining Unicode char U+2422 (decimal 9250)
   defining Unicode char U+25E6 (decimal 9702)
   defining Unicode char U+25EF (decimal 9711)
   defining Unicode char U+266A (decimal 9834)
   defining Unicode char U+FEFF (decimal 65279)
))
LaTeX Info: Redefining \oldstylenums on input line 334.
Package textcomp Info: Setting cmr sub-encoding to TS1/0 on input line 349.
Package textcomp Info: Setting cmss sub-encoding to TS1/0 on input line 350.
Package textcomp Info: Setting cmtt sub-encoding to TS1/0 on input line 351.
Package textcomp Info: Setting cmvtt sub-encoding to TS1/0 on input line 352.
Package textcomp Info: Setting cmbr sub-encoding to TS1/0 on input line 353.
Package textcomp Info: Setting cmtl sub-encoding to TS1/0 on input line 354.
Package textcomp Info: Setting ccr sub-encoding to TS1/0 on input line 355.
Package textcomp Info: Setting ptm sub-encoding to TS1/4 on input line 356.
Package textcomp Info: Setting pcr sub-encoding to TS1/4 on input line 357.
Package textcomp Info: Setting phv sub-encoding to TS1/4 on input line 358.
Package textcomp Info: Setting ppl sub-encoding to TS1/3 on input line 359.
Package textcomp Info: Setting pag sub-encoding to TS1/4 on input line 360.
Package textcomp Info: Setting pbk sub-encoding to TS1/4 on input line 361.
Package textcomp Info: Setting pnc sub-encoding to TS1/4 on input line 362.
Package textcomp Info: Setting pzc sub-encoding to TS1/4 on input line 363.
Package textcomp Info: Setting bch sub-encoding to TS1/4 on input line 364.
Package textcomp Info: Setting put sub-encoding to TS1/5 on input line 365.
Package textcomp Info: Setting uag sub-encoding to TS1/5 on input line 366.
Package textcomp Info: Setting ugq sub-encoding to TS1/5 on input line 367.
Package textcomp Info: Setting ul8 sub-encoding to TS1/4 on input line 368.
Package textcomp Info: Setting ul9 sub-encoding to TS1/4 on input line 369.
Package textcomp Info: Setting augie sub-encoding to TS1/5 on input line 370.
Package textcomp Info: Setting dayrom sub-encoding to TS1/3 on input line 371.
Package textcomp Info: Setting dayroms sub-encoding to TS1/3 on input line 372.
Package textcomp Info: Setting pxr sub-encoding to TS1/0 on input line 373.
Package textcomp Info: Setting pxss sub-encoding to TS1/0 on input line 374.
Package textcomp Info: Setting pxtt sub-encoding to TS1/0 on input line 375.
Package textcomp Info: Setting txr sub-encoding to TS1/0 on input line 376.
Package textcomp Info: Setting txss sub-encoding to TS1/0 on input line 377.
Package textcomp Info: Setting txtt sub-encoding to TS1/0 on input line 378.
Package textcomp Info: Setting lmr sub-encoding to TS1/0 on input line 379.
Package textcomp Info: Setting lmdh sub-encoding to TS1/0 on input line 380.
Package textcomp Info: Setting lmss sub-encoding to TS1/0 on input line 381.
Package textcomp Info: Setting lmssq sub-encoding to TS1/0 on input line 382.
Package textcomp Info: Setting lmvtt sub-encoding to TS1/0 on input line 383.
Package textcomp Info: Setting lmtt sub-encoding to TS1/0 on input line 384.
Package textcomp Info: Setting qhv sub-encoding to TS1/0 on input line 385.
Package textcomp Info: Setting qag sub-encoding to TS1/0 on input line 386.
Package textcomp Info: Setting qbk sub-encoding to TS1/0 on input line 387.
Package textcomp Info: Setting qcr sub-encoding to TS1/0 on input line 388.
Package textcomp Info: Setting qcs sub-encoding to TS1/0 on input line 389.
Package textcomp Info: Setting qpl sub-encoding to TS1/0 on input line 390.
Package textcomp Info: Setting qtm sub-encoding to TS1/0 on input line 391.
Package textcomp Info: Setting qzc sub-encoding to TS1/0 on input line 392.
Package textcomp Info: Setting qhvc sub-encoding to TS1/0 on input line 393.
Package textcomp Info: Setting futs sub-encoding to TS1/4 on input line 394.
Package textcomp Info: Setting futx sub-encoding to TS1/4 on input line 395.
Package textcomp Info: Setting futj sub-encoding to TS1/4 on input line 396.
Package textcomp Info: Setting hlh sub-encoding to TS1/3 on input line 397.
Package textcomp Info: Setting hls sub-encoding to TS1/3 on input line 398.
Package textcomp Info: Setting hlst sub-encoding to TS1/3 on input line 399.
Package textcomp Info: Setting hlct sub-encoding to TS1/5 on input line 400.
Package textcomp Info: Setting hlx sub-encoding to TS1/5 on input line 401.
Package textcomp Info: Setting hlce sub-encoding to TS1/5 on input line 402.
Package textcomp Info: Setting hlcn sub-encoding to TS1/5 on input line 403.
Package textcomp Info: Setting hlcw sub-encoding to TS1/5 on input line 404.
Package textcomp Info: Setting hlcf sub-encoding to TS1/5 on input line 405.
Package textcomp Info: Setting pplx sub-encoding to TS1/3 on input line 406.
Package textcomp Info: Setting pplj sub-encoding to TS1/3 on input line 407.
Package textcomp Info: Setting ptmx sub-encoding to TS1/4 on input line 408.
Package textcomp Info: Setting ptmj sub-encoding to TS1/4 on input line 409.
) (/usr/share/texlive/texmf-dist/tex/generic/babel/babel.sty
Package: babel 2018/11/13 3.27 The Babel package
 (/usr/share/texlive/texmf-dist/tex/generic/babel/switch.def
File: switch.def 2018/11/13 3.27 Babel switching mechanism
) (/usr/share/texlive/texmf-dist/tex/generic/babel-english/UKenglish.ldf
Language: UKenglish 2017/06/06 v3.3r English support from the babel system
 (/usr/share/texlive/texmf-dist/tex/generic/babel-english/english.ldf
Language: english 2017/06/06 v3.3r English support from the babel system
 (/usr/share/texlive/texmf-dist/tex/generic/babel/babel.def
File: babel.def 2018/11/13 3.27 Babel common definitions
\babel@savecnt=\count88
\U@D=\dimen103
 (/usr/share/texlive/texmf-dist/tex/generic/babel/txtbabel.def)
\bbl@dirlevel=\count89
)
\l@canadian = a dialect from \language\l@american 
\l@australian = a dialect from \language\l@british 
\l@newzealand = a dialect from \language\l@british 
))) (/usr/share/texlive/texmf-dist/tex/latex/amsmath/amsmath.sty
Package: amsmath 2018/12/01 v2.17b AMS math features
\@mathmargin=\skip43

For additional information on amsmath, use the `?' option.
(/usr/share/texlive/texmf-dist/tex/latex/amsmath/amstext.sty
Package: amstext 2000/06/29 v2.01 AMS text
 (/usr/share/texlive/texmf-dist/tex/latex/amsmath/amsgen.sty
File: amsgen.sty 1999/11/30 v2.0 generic functions
\@emptytoks=\toks16
\ex@=\dimen104
)) (/usr/share/texlive/texmf-dist/tex/latex/amsmath/amsbsy.sty
Package: amsbsy 1999/11/29 v1.2d Bold Symbols
\pmbraise@=\dimen105
) (/usr/share/texlive/texmf-dist/tex/latex/amsmath/amsopn.sty
Package: amsopn 2016/03/08 v2.02 operator names
)
\inf@bad=\count90
LaTeX Info: Redefining \frac on input line 223.
\uproot@=\count91
\leftroot@=\count92
LaTeX Info: Redefining \overline on input line 385.
\classnum@=\count93
\DOTSCASE@=\count94
LaTeX Info: Redefining \ldots on input line 482.
LaTeX Info: Redefining \dots on input line 485.
LaTeX Info: Redefining \cdots on input line 606.
\Mathstrutbox@=\box27
\strutbox@=\box28
\big@size=\dimen106
LaTeX Font Info:    Redeclaring font encoding OML on input line 729.
LaTeX Font Info:    Redeclaring font encoding OMS on input line 730.
\macc@depth=\count95
\c@MaxMatrixCols=\count96
\dotsspace@=\muskip10
\c@parentequation=\count97
\dspbrk@lvl=\count98
\tag@help=\toks17
\row@=\count99
\column@=\count100
\maxfields@=\count101
\andhelp@=\toks18
\eqnshift@=\dimen107
\alignsep@=\dimen108
\tagshift@=\dimen109
\tagwidth@=\dimen110
\totwidth@=\dimen111
\lineht@=\dimen112
\@envbody=\toks19
\multlinegap=\skip44
\multlinetaggap=\skip45
\mathdisplay@stack=\toks20
LaTeX Info: Redefining \[ on input line 2844.
LaTeX Info: Redefining \] on input line 2845.
) (/usr/share/texlive/texmf-dist/tex/latex/amsfonts/amssymb.sty
Package: amssymb 2013/01/14 v3.01 AMS font symbols
 (/usr/share/texlive/texmf-dist/tex/latex/amsfonts/amsfonts.sty
Package: amsfonts 2013/01/14 v3.01 Basic AMSFonts support
\symAMSa=\mathgroup4
\symAMSb=\mathgroup5
LaTeX Font Info:    Overwriting math alphabet `\mathfrak' in version `bold'
(Font)                  U/euf/m/n --> U/euf/b/n on input line 106.
)) (/usr/share/texlive/texmf-dist/tex/latex/caption/subcaption.sty
Package: subcaption 2018/05/01 v1.1-162 Sub-captions (AR)
 (/usr/share/texlive/texmf-dist/tex/latex/caption/caption.sty
Package: caption 2018/10/06 v3.3-154 Customizing captions (AR)
 (/usr/share/texlive/texmf-dist/tex/latex/caption/caption3.sty
Package: caption3 2018/09/12 v1.8c caption3 kernel (AR)
Package caption3 Info: TeX engine: e-TeX on input line 64.
 (/usr/share/texlive/texmf-dist/tex/latex/graphics/keyval.sty
Package: keyval 2014/10/28 v1.15 key=value parser (DPC)
\KV@toks@=\toks21
)
\captionmargin=\dimen113
\captionmargin@=\dimen114
\captionwidth=\dimen115
\caption@tempdima=\dimen116
\caption@indent=\dimen117
\caption@parindent=\dimen118
\caption@hangindent=\dimen119
)
\c@caption@flags=\count102
\c@ContinuedFloat=\count103
)
\c@subfigure=\count104
\c@subtable=\count105
) (/usr/share/texlive/texmf-dist/tex/latex/listings/listings.sty
\lst@mode=\count106
\lst@gtempboxa=\box29
\lst@token=\toks22
\lst@length=\count107
\lst@currlwidth=\dimen120
\lst@column=\count108
\lst@pos=\count109
\lst@lostspace=\dimen121
\lst@width=\dimen122
\lst@newlines=\count110
\lst@lineno=\count111
\lst@maxwidth=\dimen123
 (/usr/share/texlive/texmf-dist/tex/latex/listings/lstmisc.sty
File: lstmisc.sty 2018/09/02 1.7 (Carsten Heinz)
\c@lstnumber=\count112
\lst@skipnumbers=\count113
\lst@framebox=\box30
) (/usr/share/texlive/texmf-dist/tex/latex/listings/listings.cfg
File: listings.cfg 2018/09/02 1.7 listings configuration
))
Package: listings 2018/09/02 1.7 (Carsten Heinz)
 (/usr/share/texlive/texmf-dist/tex/latex/float/float.sty
Package: float 2001/11/08 v1.3d Float enhancements (AL)
\c@float@type=\count114
\float@exts=\toks23
\float@box=\box31
\@float@everytoks=\toks24
\@floatcapt=\box32
) (/usr/share/texlive/texmf-dist/tex/latex/import/import.sty
Package: import 2009/03/23  v 5.1
) (/usr/share/texlive/texmf-dist/tex/latex/xifthen/xifthen.sty
Package: xifthen 2015/11/05 v1.4.0 Extended ifthen features
 (/usr/share/texlive/texmf-dist/tex/latex/tools/calc.sty
Package: calc 2017/05/25 v4.3 Infix arithmetic (KKT,FJ)
\calc@Acount=\count115
\calc@Bcount=\count116
\calc@Adimen=\dimen124
\calc@Bdimen=\dimen125
\calc@Askip=\skip46
\calc@Bskip=\skip47
LaTeX Info: Redefining \setlength on input line 80.
LaTeX Info: Redefining \addtolength on input line 81.
\calc@Ccount=\count117
\calc@Cskip=\skip48
) (/usr/share/texlive/texmf-dist/tex/latex/base/ifthen.sty
Package: ifthen 2014/09/29 v1.1c Standard LaTeX ifthen package (DPC)
) (/usr/share/texlive/texmf-dist/tex/latex/ifmtarg/ifmtarg.sty
Package: ifmtarg 2018/04/16 v1.2b check for an empty argument
)) (/usr/share/texlive/texmf-dist/tex/latex/pdfpages/pdfpages.sty
Package: pdfpages 2017/10/31 v0.5l Insert pages of external PDF documents (AM)
 (/usr/share/texlive/texmf-dist/tex/latex/eso-pic/eso-pic.sty
Package: eso-pic 2018/04/12 v2.0h eso-pic (RN)
 (/usr/share/texlive/texmf-dist/tex/generic/oberdiek/atbegshi.sty
Package: atbegshi 2016/06/09 v1.18 At begin shipout hook (HO)
 (/usr/share/texlive/texmf-dist/tex/generic/oberdiek/infwarerr.sty
Package: infwarerr 2016/05/16 v1.4 Providing info/warning/error messages (HO)
) (/usr/share/texlive/texmf-dist/tex/generic/oberdiek/ltxcmds.sty
Package: ltxcmds 2016/05/16 v1.23 LaTeX kernel commands for general use (HO)
) (/usr/share/texlive/texmf-dist/tex/generic/oberdiek/ifpdf.sty
Package: ifpdf 2018/09/07 v3.3 Provides the ifpdf switch
)) (/usr/share/texlive/texmf-dist/tex/latex/xcolor/xcolor.sty
Package: xcolor 2016/05/11 v2.12 LaTeX color extensions (UK)
 (/usr/share/texlive/texmf-dist/tex/latex/graphics-cfg/color.cfg
File: color.cfg 2016/01/02 v1.6 sample color configuration
)
Package xcolor Info: Driver file: pdftex.def on input line 225.
 (/usr/share/texlive/texmf-dist/tex/latex/graphics-def/pdftex.def
File: pdftex.def 2018/01/08 v1.0l Graphics/color driver for pdftex
)
Package xcolor Info: Model `cmy' substituted by `cmy0' on input line 1348.
Package xcolor Info: Model `hsb' substituted by `rgb' on input line 1352.
Package xcolor Info: Model `RGB' extended on input line 1364.
Package xcolor Info: Model `HTML' substituted by `rgb' on input line 1366.
Package xcolor Info: Model `Hsb' substituted by `hsb' on input line 1367.
Package xcolor Info: Model `tHsb' substituted by `hsb' on input line 1368.
Package xcolor Info: Model `HSB' substituted by `hsb' on input line 1369.
Package xcolor Info: Model `Gray' substituted by `gray' on input line 1370.
Package xcolor Info: Model `wave' substituted by `hsb' on input line 1371.
)) (/usr/share/texlive/texmf-dist/tex/latex/graphics/graphicx.sty
Package: graphicx 2017/06/01 v1.1a Enhanced LaTeX Graphics (DPC,SPQR)
 (/usr/share/texlive/texmf-dist/tex/latex/graphics/graphics.sty
Package: graphics 2017/06/25 v1.2c Standard LaTeX Graphics (DPC,SPQR)
 (/usr/share/texlive/texmf-dist/tex/latex/graphics/trig.sty
Package: trig 2016/01/03 v1.10 sin cos tan (DPC)
)
(/usr/share/texlive/texmf-dist/tex/latex/graphics-cfg/graphics.cfg
File: graphics.cfg 2016/06/04 v1.11 sample graphics configuration
)
Package graphics Info: Driver file: pdftex.def on input line 99.
)
\Gin@req@height=\dimen126
\Gin@req@width=\dimen127
)
\AM@pagewidth=\dimen128
\AM@pageheight=\dimen129
 (/usr/share/texlive/texmf-dist/tex/latex/pdfpages/pppdftex.def
File: pppdftex.def 2017/10/31 v0.5l Pdfpages driver for pdfTeX (AM)
)
\AM@pagebox=\box33
\AM@global@opts=\toks25
\AM@toc@title=\toks26
\c@AM@survey=\count118
\AM@templatesizebox=\box34
) (/usr/share/texlive/texmf-dist/tex/latex/oberdiek/transparent.sty
Package: transparent 2018/11/18 v1.3 Transparency via pdfTeX's color stack (HO)
 (/usr/share/texlive/texmf-dist/tex/latex/oberdiek/auxhook.sty
Package: auxhook 2016/05/16 v1.4 Hooks for auxiliary files (HO)
)) (./AssignmentReport.aux

LaTeX Warning: Label `fig:' multiply defined.


LaTeX Warning: Label `fig:' multiply defined.


LaTeX Warning: Label `fig:' multiply defined.


LaTeX Warning: Label `fig:' multiply defined.


LaTeX Warning: Label `fig:' multiply defined.


LaTeX Warning: Label `fig:' multiply defined.


LaTeX Warning: Label `fig:' multiply defined.


LaTeX Warning: Label `fig:' multiply defined.


LaTeX Warning: Label `fig:' multiply defined.


LaTeX Warning: Label `fig:' multiply defined.


LaTeX Warning: Label `fig:' multiply defined.


LaTeX Warning: Label `fig:' multiply defined.


LaTeX Warning: Label `fig:' multiply defined.


LaTeX Warning: Label `fig:' multiply defined.


LaTeX Warning: Label `fig:' multiply defined.


LaTeX Warning: Label `fig:' multiply defined.


LaTeX Warning: Label `fig:' multiply defined.


LaTeX Warning: Label `fig:' multiply defined.


LaTeX Warning: Label `fig:' multiply defined.


LaTeX Warning: Label `fig:' multiply defined.


LaTeX Warning: Label `fig:' multiply defined.


LaTeX Warning: Label `fig:' multiply defined.


LaTeX Warning: Label `fig:' multiply defined.


LaTeX Warning: Label `fig:' multiply defined.


LaTeX Warning: Label `fig:' multiply defined.


LaTeX Warning: Label `fig:' multiply defined.


LaTeX Warning: Label `fig:' multiply defined.


LaTeX Warning: Label `fig:' multiply defined.


LaTeX Warning: Label `fig:' multiply defined.


LaTeX Warning: Label `fig:' multiply defined.


LaTeX Warning: Label `fig:' multiply defined.


LaTeX Warning: Label `fig:' multiply defined.

)
\openout1 = `AssignmentReport.aux'.

LaTeX Font Info:    Checking defaults for OML/cmm/m/it on input line 29.
LaTeX Font Info:    ... okay on input line 29.
LaTeX Font Info:    Checking defaults for T1/cmr/m/n on input line 29.
LaTeX Font Info:    ... okay on input line 29.
LaTeX Font Info:    Checking defaults for OT1/cmr/m/n on input line 29.
LaTeX Font Info:    ... okay on input line 29.
LaTeX Font Info:    Checking defaults for OMS/cmsy/m/n on input line 29.
LaTeX Font Info:    ... okay on input line 29.
LaTeX Font Info:    Checking defaults for OMX/cmex/m/n on input line 29.
LaTeX Font Info:    ... okay on input line 29.
LaTeX Font Info:    Checking defaults for U/cmr/m/n on input line 29.
LaTeX Font Info:    ... okay on input line 29.
LaTeX Font Info:    Checking defaults for TS1/cmr/m/n on input line 29.
LaTeX Font Info:    Try loading font information for TS1+cmr on input line 29.
 (/usr/share/texlive/texmf-dist/tex/latex/base/ts1cmr.fd
File: ts1cmr.fd 2014/09/29 v2.5h Standard LaTeX font definitions
)
LaTeX Font Info:    ... okay on input line 29.
Package caption Info: Begin \AtBeginDocument code.
Package caption Info: float package is loaded.
Package caption Info: listings package is loaded.
Package caption Info: End \AtBeginDocument code.
\c@lstlisting=\count119
\AtBeginShipoutBox=\box35
 (/usr/share/texlive/texmf-dist/tex/context/base/mkii/supp-pdf.mkii
[Loading MPS to PDF converter (version 2006.09.02).]
\scratchcounter=\count120
\scratchdimen=\dimen130
\scratchbox=\box36
\nofMPsegments=\count121
\nofMParguments=\count122
\everyMPshowfont=\toks27
\MPscratchCnt=\count123
\MPscratchDim=\dimen131
\MPnumerator=\count124
\makeMPintoPDFobject=\count125
\everyMPtoPDFconversion=\toks28
) (/usr/share/texlive/texmf-dist/tex/latex/oberdiek/epstopdf-base.sty
Package: epstopdf-base 2016/05/15 v2.6 Base part for package epstopdf
 (/usr/share/texlive/texmf-dist/tex/latex/oberdiek/grfext.sty
Package: grfext 2016/05/16 v1.2 Manage graphics extensions (HO)
 (/usr/share/texlive/texmf-dist/tex/generic/oberdiek/kvdefinekeys.sty
Package: kvdefinekeys 2016/05/16 v1.4 Define keys (HO)
)) (/usr/share/texlive/texmf-dist/tex/latex/oberdiek/kvoptions.sty
Package: kvoptions 2016/05/16 v3.12 Key value format for package options (HO)
 (/usr/share/texlive/texmf-dist/tex/generic/oberdiek/kvsetkeys.sty
Package: kvsetkeys 2016/05/16 v1.17 Key value parser (HO)
 (/usr/share/texlive/texmf-dist/tex/generic/oberdiek/etexcmds.sty
Package: etexcmds 2016/05/16 v1.6 Avoid name clashes with e-TeX commands (HO)
 (/usr/share/texlive/texmf-dist/tex/generic/oberdiek/ifluatex.sty
Package: ifluatex 2016/05/16 v1.4 Provides the ifluatex switch (HO)
Package ifluatex Info: LuaTeX not detected.
)))) (/usr/share/texlive/texmf-dist/tex/generic/oberdiek/pdftexcmds.sty
Package: pdftexcmds 2018/09/10 v0.29 Utility functions of pdfTeX for LuaTeX (HO)
Package pdftexcmds Info: LuaTeX not detected.
Package pdftexcmds Info: \pdf@primitive is available.
Package pdftexcmds Info: \pdf@ifprimitive is available.
Package pdftexcmds Info: \pdfdraftmode found.
)
Package epstopdf-base Info: Redefining graphics rule for `.eps' on input line 438.
Package grfext Info: Graphics extension search list:
(grfext)             [.pdf,.png,.jpg,.mps,.jpeg,.jbig2,.jb2,.PDF,.PNG,.JPG,.JPEG,.JBIG2,.JB2,.eps]
(grfext)             \AppendGraphicsExtensions on input line 456.
 (/usr/share/texlive/texmf-dist/tex/latex/latexconfig/epstopdf-sys.cfg
File: epstopdf-sys.cfg 2010/07/13 v1.3 Configuration of (r)epstopdf for TeX Live
)) (/usr/share/texlive/texmf-dist/tex/latex/oberdiek/pdflscape.sty
Package: pdflscape 2016/05/14 v0.11 Display of landscape pages in PDF (HO)
 (/usr/share/texlive/texmf-dist/tex/latex/graphics/lscape.sty
Package: lscape 2000/10/22 v3.01 Landscape Pages (DPC)
)
Package pdflscape Info: Auto-detected driver: pdftex on input line 81.
 (/usr/share/texlive/texmf-dist/tex/generic/ifxetex/ifxetex.sty
Package: ifxetex 2010/09/12 v0.6 Provides ifxetex conditional
))
LaTeX Font Info:    Try loading font information for U+msa on input line 52.
 (/usr/share/texlive/texmf-dist/tex/latex/amsfonts/umsa.fd
File: umsa.fd 2013/01/14 v3.01 AMS symbols A
)
LaTeX Font Info:    Try loading font information for U+msb on input line 52.
 (/usr/share/texlive/texmf-dist/tex/latex/amsfonts/umsb.fd
File: umsb.fd 2013/01/14 v3.01 AMS symbols B
) [1

{/var/lib/texmf/fonts/map/pdftex/updmap/pdftex.map}] [2]
<Results/Q1/a/qaInput.jpg, id=16, 875.27pt x 948.54375pt>
File: Results/Q1/a/qaInput.jpg Graphic file (type jpg)
<use Results/Q1/a/qaInput.jpg>
Package pdftex.def Info: Results/Q1/a/qaInput.jpg  used on input line 142.
(pdftex.def)             Requested size: 131.27147pt x 142.26378pt.
<Results/Q1/a/qaGreyscale.jpg, id=17, 875.27pt x 948.54375pt>
File: Results/Q1/a/qaGreyscale.jpg Graphic file (type jpg)
<use Results/Q1/a/qaGreyscale.jpg>
Package pdftex.def Info: Results/Q1/a/qaGreyscale.jpg  used on input line 144.
(pdftex.def)             Requested size: 131.27147pt x 142.26378pt.
 [3]
<Results/Q1/b/qbThreshData.jpg, id=21, 875.27pt x 948.54375pt>
File: Results/Q1/b/qbThreshData.jpg Graphic file (type jpg)
<use Results/Q1/b/qbThreshData.jpg>
Package pdftex.def Info: Results/Q1/b/qbThreshData.jpg  used on input line 161.
(pdftex.def)             Requested size: 131.27147pt x 142.26378pt.
<Results/Q1/b/qbThresh125.jpg, id=22, 875.27pt x 948.54375pt>
File: Results/Q1/b/qbThresh125.jpg Graphic file (type jpg)
<use Results/Q1/b/qbThresh125.jpg>
Package pdftex.def Info: Results/Q1/b/qbThresh125.jpg  used on input line 163.
(pdftex.def)             Requested size: 131.27147pt x 142.26378pt.
<Results/Q1/b/qbThresh130.jpg, id=23, 875.27pt x 948.54375pt>
File: Results/Q1/b/qbThresh130.jpg Graphic file (type jpg)
<use Results/Q1/b/qbThresh130.jpg>
Package pdftex.def Info: Results/Q1/b/qbThresh130.jpg  used on input line 170.
(pdftex.def)             Requested size: 131.27147pt x 142.26378pt.
<Results/Q1/b/qbThresh140.jpg, id=24, 875.27pt x 948.54375pt>
File: Results/Q1/b/qbThresh140.jpg Graphic file (type jpg)
<use Results/Q1/b/qbThresh140.jpg>
Package pdftex.def Info: Results/Q1/b/qbThresh140.jpg  used on input line 172.
(pdftex.def)             Requested size: 131.27147pt x 142.26378pt.
 [4 <./Results/Q1/a/qaInput.jpg> <./Results/Q1/a/qaGreyscale.jpg> <./Results/Q1/b/qbThreshData.jpg> <./Results/Q1/b/qbThresh125.jpg>]
<Results/Q1/c/qcThresh5x5.jpg, id=30, 875.27pt x 948.54375pt>
File: Results/Q1/c/qcThresh5x5.jpg Graphic file (type jpg)
<use Results/Q1/c/qcThresh5x5.jpg>
Package pdftex.def Info: Results/Q1/c/qcThresh5x5.jpg  used on input line 186.
(pdftex.def)             Requested size: 131.27147pt x 142.26378pt.
<Results/Q1/d/qdVar00001.jpg, id=31, 875.27pt x 948.54375pt>
File: Results/Q1/d/qdVar00001.jpg Graphic file (type jpg)
<use Results/Q1/d/qdVar00001.jpg>
Package pdftex.def Info: Results/Q1/d/qdVar00001.jpg  used on input line 201.
(pdftex.def)             Requested size: 131.27147pt x 142.26378pt.

Overfull \hbox (27.77042pt too wide) in paragraph at lines 201--201
 [][] 
 []

<Results/Q1/d/qdThresh00001.jpg, id=32, 875.27pt x 948.54375pt>
File: Results/Q1/d/qdThresh00001.jpg Graphic file (type jpg)
<use Results/Q1/d/qdThresh00001.jpg>
Package pdftex.def Info: Results/Q1/d/qdThresh00001.jpg  used on input line 203.
(pdftex.def)             Requested size: 131.27147pt x 142.26378pt.

Overfull \hbox (27.77042pt too wide) in paragraph at lines 203--203
 [][] 
 []

<Results/Q1/d/qd5x500001.jpg, id=33, 875.27pt x 948.54375pt>
File: Results/Q1/d/qd5x500001.jpg Graphic file (type jpg)
<use Results/Q1/d/qd5x500001.jpg>
Package pdftex.def Info: Results/Q1/d/qd5x500001.jpg  used on input line 205.
(pdftex.def)             Requested size: 131.27147pt x 142.26378pt.

Overfull \hbox (27.77042pt too wide) in paragraph at lines 205--205
 [][] 
 []


Overfull \hbox (17.34207pt too wide) in paragraph at lines 191--209
\T1/cmr/m/n/10 Gaussian noise is ad-ded to the grey-scale im-age, and the ``Threshold'' and ``5x5Thresh''
 []

[5 <./Results/Q1/b/qbThresh130.jpg> <./Results/Q1/b/qbThresh140.jpg> <./Results/Q1/c/qcThresh5x5.jpg>]
<Results/Q1/d/qdVar0001.jpg, id=37, 875.27pt x 948.54375pt>
File: Results/Q1/d/qdVar0001.jpg Graphic file (type jpg)
<use Results/Q1/d/qdVar0001.jpg>
Package pdftex.def Info: Results/Q1/d/qdVar0001.jpg  used on input line 213.
(pdftex.def)             Requested size: 131.27147pt x 142.26378pt.

Overfull \hbox (27.77042pt too wide) in paragraph at lines 213--213
 [][] 
 []

<Results/Q1/d/qdThresh0001.jpg, id=38, 875.27pt x 948.54375pt>
File: Results/Q1/d/qdThresh0001.jpg Graphic file (type jpg)
<use Results/Q1/d/qdThresh0001.jpg>
Package pdftex.def Info: Results/Q1/d/qdThresh0001.jpg  used on input line 215.
(pdftex.def)             Requested size: 131.27147pt x 142.26378pt.

Overfull \hbox (27.77042pt too wide) in paragraph at lines 215--215
 [][] 
 []

<Results/Q1/d/qd5x50001.jpg, id=39, 875.27pt x 948.54375pt>
File: Results/Q1/d/qd5x50001.jpg Graphic file (type jpg)
<use Results/Q1/d/qd5x50001.jpg>
Package pdftex.def Info: Results/Q1/d/qd5x50001.jpg  used on input line 217.
(pdftex.def)             Requested size: 131.27147pt x 142.26378pt.

Overfull \hbox (27.77042pt too wide) in paragraph at lines 217--217
 [][] 
 []

<Results/Q1/d/qdVar001.jpg, id=40, 875.27pt x 948.54375pt>
File: Results/Q1/d/qdVar001.jpg Graphic file (type jpg)
<use Results/Q1/d/qdVar001.jpg>
Package pdftex.def Info: Results/Q1/d/qdVar001.jpg  used on input line 224.
(pdftex.def)             Requested size: 131.27147pt x 142.26378pt.

Overfull \hbox (27.77042pt too wide) in paragraph at lines 224--224
 [][] 
 []

<Results/Q1/d/qdThresh001.jpg, id=41, 875.27pt x 948.54375pt>
File: Results/Q1/d/qdThresh001.jpg Graphic file (type jpg)
<use Results/Q1/d/qdThresh001.jpg>
Package pdftex.def Info: Results/Q1/d/qdThresh001.jpg  used on input line 226.
(pdftex.def)             Requested size: 131.27147pt x 142.26378pt.

Overfull \hbox (27.77042pt too wide) in paragraph at lines 226--226
 [][] 
 []

<Results/Q1/d/qd5x5001.jpg, id=42, 875.27pt x 948.54375pt>
File: Results/Q1/d/qd5x5001.jpg Graphic file (type jpg)
<use Results/Q1/d/qd5x5001.jpg>
Package pdftex.def Info: Results/Q1/d/qd5x5001.jpg  used on input line 228.
(pdftex.def)             Requested size: 131.27147pt x 142.26378pt.

Overfull \hbox (27.77042pt too wide) in paragraph at lines 228--228
 [][] 
 []

<Results/Q1/d/qdVar01.jpg, id=43, 875.27pt x 948.54375pt>
File: Results/Q1/d/qdVar01.jpg Graphic file (type jpg)
<use Results/Q1/d/qdVar01.jpg>
Package pdftex.def Info: Results/Q1/d/qdVar01.jpg  used on input line 235.
(pdftex.def)             Requested size: 131.27147pt x 142.26378pt.

Overfull \hbox (27.77042pt too wide) in paragraph at lines 235--235
 [][] 
 []

<Results/Q1/d/qdThresh01.jpg, id=44, 875.27pt x 948.54375pt>
File: Results/Q1/d/qdThresh01.jpg Graphic file (type jpg)
<use Results/Q1/d/qdThresh01.jpg>
Package pdftex.def Info: Results/Q1/d/qdThresh01.jpg  used on input line 237.
(pdftex.def)             Requested size: 131.27147pt x 142.26378pt.

Overfull \hbox (27.77042pt too wide) in paragraph at lines 237--237
 [][] 
 []

<Results/Q1/d/qd5x501.jpg, id=45, 875.27pt x 948.54375pt>
File: Results/Q1/d/qd5x501.jpg Graphic file (type jpg)
<use Results/Q1/d/qd5x501.jpg>
Package pdftex.def Info: Results/Q1/d/qd5x501.jpg  used on input line 239.
(pdftex.def)             Requested size: 131.27147pt x 142.26378pt.

Overfull \hbox (27.77042pt too wide) in paragraph at lines 239--239
 [][] 
 []

[6 <./Results/Q1/d/qdVar00001.jpg> <./Results/Q1/d/qdThresh00001.jpg> <./Results/Q1/d/qd5x500001.jpg> <./Results/Q1/d/qdVar0001.jpg> <./Results/Q1/d/qdThresh0001.jpg> <./Results/Q1/d/qd5x50001.jpg>]
<Results/Q1/d/qdVar1.jpg, id=49, 875.27pt x 948.54375pt>
File: Results/Q1/d/qdVar1.jpg Graphic file (type jpg)
<use Results/Q1/d/qdVar1.jpg>
Package pdftex.def Info: Results/Q1/d/qdVar1.jpg  used on input line 246.
(pdftex.def)             Requested size: 131.27147pt x 142.26378pt.

Overfull \hbox (27.77042pt too wide) in paragraph at lines 246--246
 [][] 
 []

<Results/Q1/d/qdThresh1.jpg, id=50, 875.27pt x 948.54375pt>
File: Results/Q1/d/qdThresh1.jpg Graphic file (type jpg)
<use Results/Q1/d/qdThresh1.jpg>
Package pdftex.def Info: Results/Q1/d/qdThresh1.jpg  used on input line 248.
(pdftex.def)             Requested size: 131.27147pt x 142.26378pt.

Overfull \hbox (27.77042pt too wide) in paragraph at lines 248--248
 [][] 
 []

<Results/Q1/d/qd5x51.jpg, id=51, 875.27pt x 948.54375pt>
File: Results/Q1/d/qd5x51.jpg Graphic file (type jpg)
<use Results/Q1/d/qd5x51.jpg>
Package pdftex.def Info: Results/Q1/d/qd5x51.jpg  used on input line 250.
(pdftex.def)             Requested size: 131.27147pt x 142.26378pt.

Overfull \hbox (27.77042pt too wide) in paragraph at lines 250--250
 [][] 
 []

[7 <./Results/Q1/d/qdVar001.jpg> <./Results/Q1/d/qdThresh001.jpg> <./Results/Q1/d/qd5x5001.jpg> <./Results/Q1/d/qdVar01.jpg> <./Results/Q1/d/qdThresh01.jpg> <./Results/Q1/d/qd5x501.jpg> <./Results/Q1/d/qdVar1.jpg> <./Results/Q1/d/qdThresh1.jpg> <./Results/Q1/d/qd5x51.jpg>] [8] [9]
<Results/Q2/NumPlate1/qanumber_plate_1.jpg, id=62, 2457.18pt x 660.4675pt>
File: Results/Q2/NumPlate1/qanumber_plate_1.jpg Graphic file (type jpg)
<use Results/Q2/NumPlate1/qanumber_plate_1.jpg>
Package pdftex.def Info: Results/Q2/NumPlate1/qanumber_plate_1.jpg  used on input line 370.
(pdftex.def)             Requested size: 105.84415pt x 28.45274pt.

Overfull \hbox (2.3431pt too wide) in paragraph at lines 370--370
 [][] 
 []

<Results/Q2/NumPlate1/qanumber_plate_1Grey.jpg, id=63, 2457.18pt x 660.4675pt>
File: Results/Q2/NumPlate1/qanumber_plate_1Grey.jpg Graphic file (type jpg)
<use Results/Q2/NumPlate1/qanumber_plate_1Grey.jpg>
Package pdftex.def Info: Results/Q2/NumPlate1/qanumber_plate_1Grey.jpg  used on input line 372.
(pdftex.def)             Requested size: 105.84415pt x 28.45274pt.

Overfull \hbox (2.3431pt too wide) in paragraph at lines 372--372
 [][] 
 []

<Results/Q2/NumPlate1/qanumber_plate_1Low.jpg, id=64, 2457.18pt x 660.4675pt>
File: Results/Q2/NumPlate1/qanumber_plate_1Low.jpg Graphic file (type jpg)
<use Results/Q2/NumPlate1/qanumber_plate_1Low.jpg>
Package pdftex.def Info: Results/Q2/NumPlate1/qanumber_plate_1Low.jpg  used on input line 374.
(pdftex.def)             Requested size: 105.84415pt x 28.45274pt.

Overfull \hbox (2.3431pt too wide) in paragraph at lines 374--374
 [][] 
 []

<Results/Q2/NumPlate1/qanumber_plate_1Mid.jpg, id=65, 2457.18pt x 660.4675pt>
File: Results/Q2/NumPlate1/qanumber_plate_1Mid.jpg Graphic file (type jpg)
<use Results/Q2/NumPlate1/qanumber_plate_1Mid.jpg>
Package pdftex.def Info: Results/Q2/NumPlate1/qanumber_plate_1Mid.jpg  used on input line 385.
(pdftex.def)             Requested size: 158.74747pt x 42.67912pt.
<Results/Q2/NumPlate1/qanumber_plate_1Not.jpg, id=66, 2457.18pt x 660.4675pt>
File: Results/Q2/NumPlate1/qanumber_plate_1Not.jpg Graphic file (type jpg)
<use Results/Q2/NumPlate1/qanumber_plate_1Not.jpg>
Package pdftex.def Info: Results/Q2/NumPlate1/qanumber_plate_1Not.jpg  used on input line 387.
(pdftex.def)             Requested size: 158.74747pt x 42.67912pt.
[10 <./Results/Q2/NumPlate1/qanumber_plate_1.jpg> <./Results/Q2/NumPlate1/qanumber_plate_1Grey.jpg> <./Results/Q2/NumPlate1/qanumber_plate_1Low.jpg>]
<Results/Q2/NumPlate1/qanumber_plate_1Border.jpg, id=70, 2457.18pt x 660.4675pt>
File: Results/Q2/NumPlate1/qanumber_plate_1Border.jpg Graphic file (type jpg)
<use Results/Q2/NumPlate1/qanumber_plate_1Border.jpg>
Package pdftex.def Info: Results/Q2/NumPlate1/qanumber_plate_1Border.jpg  used on input line 394.
(pdftex.def)             Requested size: 158.74747pt x 42.67912pt.
<Results/Q2/NumPlate1/qanumber_plate_1NoBorder.jpg, id=71, 2457.18pt x 660.4675pt>
File: Results/Q2/NumPlate1/qanumber_plate_1NoBorder.jpg Graphic file (type jpg)
<use Results/Q2/NumPlate1/qanumber_plate_1NoBorder.jpg>
Package pdftex.def Info: Results/Q2/NumPlate1/qanumber_plate_1NoBorder.jpg  used on input line 396.
(pdftex.def)             Requested size: 158.74747pt x 42.67912pt.
<Results/Q2/NumPlate1/qanumber_plate_1BigChar.jpg, id=72, 2457.18pt x 660.4675pt>
File: Results/Q2/NumPlate1/qanumber_plate_1BigChar.jpg Graphic file (type jpg)
<use Results/Q2/NumPlate1/qanumber_plate_1BigChar.jpg>
Package pdftex.def Info: Results/Q2/NumPlate1/qanumber_plate_1BigChar.jpg  used on input line 408.
(pdftex.def)             Requested size: 158.74747pt x 42.67912pt.
<Results/Q2/NumPlate1/qanumber_plate_1Remain.jpg, id=73, 2457.18pt x 660.4675pt>
File: Results/Q2/NumPlate1/qanumber_plate_1Remain.jpg Graphic file (type jpg)
<use Results/Q2/NumPlate1/qanumber_plate_1Remain.jpg>
Package pdftex.def Info: Results/Q2/NumPlate1/qanumber_plate_1Remain.jpg  used on input line 410.
(pdftex.def)             Requested size: 158.74747pt x 42.67912pt.
<Results/Q2/NumPlate1/qanumber_plate_1Added1.jpg, id=74, 2457.18pt x 660.4675pt>
File: Results/Q2/NumPlate1/qanumber_plate_1Added1.jpg Graphic file (type jpg)
<use Results/Q2/NumPlate1/qanumber_plate_1Added1.jpg>
Package pdftex.def Info: Results/Q2/NumPlate1/qanumber_plate_1Added1.jpg  used on input line 417.
(pdftex.def)             Requested size: 105.84415pt x 28.45274pt.

Overfull \hbox (2.3431pt too wide) in paragraph at lines 417--417
 [][] 
 []

<Results/Q2/NumPlate1/qanumber_plate_1Added2.jpg, id=75, 2457.18pt x 660.4675pt>
File: Results/Q2/NumPlate1/qanumber_plate_1Added2.jpg Graphic file (type jpg)
<use Results/Q2/NumPlate1/qanumber_plate_1Added2.jpg>
Package pdftex.def Info: Results/Q2/NumPlate1/qanumber_plate_1Added2.jpg  used on input line 419.
(pdftex.def)             Requested size: 105.84415pt x 28.45274pt.

Overfull \hbox (2.3431pt too wide) in paragraph at lines 419--419
 [][] 
 []

<Results/Q2/NumPlate1/qanumber_plate_1Added3.jpg, id=76, 2457.18pt x 660.4675pt>
File: Results/Q2/NumPlate1/qanumber_plate_1Added3.jpg Graphic file (type jpg)
<use Results/Q2/NumPlate1/qanumber_plate_1Added3.jpg>
Package pdftex.def Info: Results/Q2/NumPlate1/qanumber_plate_1Added3.jpg  used on input line 421.
(pdftex.def)             Requested size: 105.84415pt x 28.45274pt.

Overfull \hbox (2.3431pt too wide) in paragraph at lines 421--421
 [][] 
 []

<Results/Q2/NumPlate1/qanumber_plate_1Added4.jpg, id=77, 2457.18pt x 660.4675pt>
File: Results/Q2/NumPlate1/qanumber_plate_1Added4.jpg Graphic file (type jpg)
<use Results/Q2/NumPlate1/qanumber_plate_1Added4.jpg>
Package pdftex.def Info: Results/Q2/NumPlate1/qanumber_plate_1Added4.jpg  used on input line 428.
(pdftex.def)             Requested size: 105.84415pt x 28.45274pt.

Overfull \hbox (2.3431pt too wide) in paragraph at lines 428--428
 [][] 
 []

<Results/Q2/NumPlate1/qanumber_plate_1Added5.jpg, id=78, 2457.18pt x 660.4675pt>
File: Results/Q2/NumPlate1/qanumber_plate_1Added5.jpg Graphic file (type jpg)
<use Results/Q2/NumPlate1/qanumber_plate_1Added5.jpg>
Package pdftex.def Info: Results/Q2/NumPlate1/qanumber_plate_1Added5.jpg  used on input line 430.
(pdftex.def)             Requested size: 105.84415pt x 28.45274pt.

Overfull \hbox (2.3431pt too wide) in paragraph at lines 430--430
 [][] 
 []

<Results/Q2/NumPlate1/qanumber_plate_1Added6.jpg, id=79, 2457.18pt x 660.4675pt>
File: Results/Q2/NumPlate1/qanumber_plate_1Added6.jpg Graphic file (type jpg)
<use Results/Q2/NumPlate1/qanumber_plate_1Added6.jpg>
Package pdftex.def Info: Results/Q2/NumPlate1/qanumber_plate_1Added6.jpg  used on input line 432.
(pdftex.def)             Requested size: 105.84415pt x 28.45274pt.

Overfull \hbox (2.3431pt too wide) in paragraph at lines 432--432
 [][] 
 []

<Results/Q2/NumPlate1/qanumber_plate_1Canny.jpg, id=80, 2457.18pt x 660.4675pt>
File: Results/Q2/NumPlate1/qanumber_plate_1Canny.jpg Graphic file (type jpg)
<use Results/Q2/NumPlate1/qanumber_plate_1Canny.jpg>
Package pdftex.def Info: Results/Q2/NumPlate1/qanumber_plate_1Canny.jpg  used on input line 439.
(pdftex.def)             Requested size: 158.74747pt x 42.67912pt.
<Results/Q2/NumPlate1/qanumber_plate_1Overlay.jpg, id=81, 2457.18pt x 660.4675pt>
File: Results/Q2/NumPlate1/qanumber_plate_1Overlay.jpg Graphic file (type jpg)
<use Results/Q2/NumPlate1/qanumber_plate_1Overlay.jpg>
Package pdftex.def Info: Results/Q2/NumPlate1/qanumber_plate_1Overlay.jpg  used on input line 441.
(pdftex.def)             Requested size: 158.74747pt x 42.67912pt.
[11 <./Results/Q2/NumPlate1/qanumber_plate_1Mid.jpg> <./Results/Q2/NumPlate1/qanumber_plate_1Not.jpg> <./Results/Q2/NumPlate1/qanumber_plate_1Border.jpg> <./Results/Q2/NumPlate1/qanumber_plate_1NoBorder.jpg> <./Results/Q2/NumPlate1/qanumber_plate_1BigChar.jpg> <./Results/Q2/NumPlate1/qanumber_plate_1Remain.jpg> <./Results/Q2/NumPlate1/qanumber_plate_1Added1.jpg> <./Results/Q2/NumPlate1/qanumber_plate_1Added2.jpg> <./Results/Q2/NumPlate1/qanumber_plate_1Added3.jpg> <./Results/Q2/NumPlate1/qanumber_plate_1Added4.jpg> <./Results/Q2/NumPlate1/qanumber_plate_1Added5.jpg> <./Results/Q2/NumPlate1/qanumber_plate_1Added6.jpg>] [12 <./Results/Q2/NumPlate1/qanumber_plate_1Canny.jpg> <./Results/Q2/NumPlate1/qanumber_plate_1Overlay.jpg>]
<Results/Q3/a/qaInput.jpg, id=89, 995.72pt x 782.925pt>
File: Results/Q3/a/qaInput.jpg Graphic file (type jpg)
<use Results/Q3/a/qaInput.jpg>
Package pdftex.def Info: Results/Q3/a/qaInput.jpg  used on input line 510.
(pdftex.def)             Requested size: 180.92352pt x 142.26378pt.

Overfull \hbox (8.42352pt too wide) in paragraph at lines 510--510
 [][] 
 []

<Results/Q3/a/qaInputGrey.jpg, id=90, 995.72pt x 782.925pt>
File: Results/Q3/a/qaInputGrey.jpg Graphic file (type jpg)
<use Results/Q3/a/qaInputGrey.jpg>
Package pdftex.def Info: Results/Q3/a/qaInputGrey.jpg  used on input line 512.
(pdftex.def)             Requested size: 180.92352pt x 142.26378pt.

Overfull \hbox (8.42352pt too wide) in paragraph at lines 512--512
 [][] 
 []

<Results/Q3/a/qaTemplate.jpg, id=91, 362.35374pt x 239.89626pt>
File: Results/Q3/a/qaTemplate.jpg Graphic file (type jpg)
<use Results/Q3/a/qaTemplate.jpg>
Package pdftex.def Info: Results/Q3/a/qaTemplate.jpg  used on input line 519.
(pdftex.def)             Requested size: 128.93228pt x 85.35826pt.

Overfull \hbox (25.43123pt too wide) in paragraph at lines 519--519
 [][] 
 []

<Results/Q3/a/qaTemplateGrey.jpg, id=92, 362.35374pt x 239.89626pt>
File: Results/Q3/a/qaTemplateGrey.jpg Graphic file (type jpg)
<use Results/Q3/a/qaTemplateGrey.jpg>
Package pdftex.def Info: Results/Q3/a/qaTemplateGrey.jpg  used on input line 521.
(pdftex.def)             Requested size: 128.93228pt x 85.35826pt.

Overfull \hbox (25.43123pt too wide) in paragraph at lines 521--521
 [][] 
 []

<Results/Q3/a/qaTemplateGreyRot.jpg, id=93, 362.35374pt x 239.89626pt>
File: Results/Q3/a/qaTemplateGreyRot.jpg Graphic file (type jpg)
<use Results/Q3/a/qaTemplateGreyRot.jpg>
Package pdftex.def Info: Results/Q3/a/qaTemplateGreyRot.jpg  used on input line 523.
(pdftex.def)             Requested size: 128.93228pt x 85.35826pt.

Overfull \hbox (25.43123pt too wide) in paragraph at lines 523--523
 [][] 
 []

<Results/Q3/a/qaConv.jpg, id=94, 995.72pt x 782.925pt>
File: Results/Q3/a/qaConv.jpg Graphic file (type jpg)
<use Results/Q3/a/qaConv.jpg>
Package pdftex.def Info: Results/Q3/a/qaConv.jpg  used on input line 530.
(pdftex.def)             Requested size: 108.55716pt x 85.35826pt.

Overfull \hbox (5.0561pt too wide) in paragraph at lines 530--530
 [][] 
 []

<Results/Q3/a/qaConv2.jpg, id=95, 995.72pt x 782.925pt>
File: Results/Q3/a/qaConv2.jpg Graphic file (type jpg)
<use Results/Q3/a/qaConv2.jpg>
Package pdftex.def Info: Results/Q3/a/qaConv2.jpg  used on input line 532.
(pdftex.def)             Requested size: 108.55716pt x 85.35826pt.

Overfull \hbox (5.0561pt too wide) in paragraph at lines 532--532
 [][] 
 []

<Results/Q3/a/qaAddedConv.jpg, id=96, 995.72pt x 782.925pt>
File: Results/Q3/a/qaAddedConv.jpg Graphic file (type jpg)
<use Results/Q3/a/qaAddedConv.jpg>
Package pdftex.def Info: Results/Q3/a/qaAddedConv.jpg  used on input line 534.
(pdftex.def)             Requested size: 108.55716pt x 85.35826pt.

Overfull \hbox (5.0561pt too wide) in paragraph at lines 534--534
 [][] 
 []

[13 <./Results/Q3/a/qaInput.jpg> <./Results/Q3/a/qaInputGrey.jpg>]
<Results/Q3/a/qaThresh.jpg, id=101, 995.72pt x 782.925pt>
File: Results/Q3/a/qaThresh.jpg Graphic file (type jpg)
<use Results/Q3/a/qaThresh.jpg>
Package pdftex.def Info: Results/Q3/a/qaThresh.jpg  used on input line 542.
(pdftex.def)             Requested size: 108.55716pt x 85.35826pt.

Overfull \hbox (5.0561pt too wide) in paragraph at lines 542--542
 [][] 
 []

<Results/Q3/a/qaCentroid.jpg, id=102, 995.72pt x 782.925pt>
File: Results/Q3/a/qaCentroid.jpg Graphic file (type jpg)
<use Results/Q3/a/qaCentroid.jpg>
Package pdftex.def Info: Results/Q3/a/qaCentroid.jpg  used on input line 544.
(pdftex.def)             Requested size: 108.55716pt x 85.35826pt.

Overfull \hbox (5.0561pt too wide) in paragraph at lines 544--544
 [][] 
 []

<Results/Q3/a/qaP2S.jpg, id=103, 995.72pt x 782.925pt>
File: Results/Q3/a/qaP2S.jpg Graphic file (type jpg)
<use Results/Q3/a/qaP2S.jpg>
Package pdftex.def Info: Results/Q3/a/qaP2S.jpg  used on input line 546.
(pdftex.def)             Requested size: 108.55716pt x 85.35826pt.

Overfull \hbox (5.0561pt too wide) in paragraph at lines 546--546
 [][] 
 []

<Results/Q3/a/qaOverlay.jpg, id=104, 995.72pt x 782.925pt>
File: Results/Q3/a/qaOverlay.jpg Graphic file (type jpg)
<use Results/Q3/a/qaOverlay.jpg>
Package pdftex.def Info: Results/Q3/a/qaOverlay.jpg  used on input line 554.
(pdftex.def)             Requested size: 180.92352pt x 142.26378pt.
<Results/Q3/a/qaInputRot30.jpg, id=105, 995.72pt x 782.925pt>
File: Results/Q3/a/qaInputRot30.jpg Graphic file (type jpg)
<use Results/Q3/a/qaInputRot30.jpg>
Package pdftex.def Info: Results/Q3/a/qaInputRot30.jpg  used on input line 561.
(pdftex.def)             Requested size: 108.55716pt x 85.35826pt.

Overfull \hbox (5.0561pt too wide) in paragraph at lines 561--561
 [][] 
 []

<Results/Q3/a/qaInputRot45.jpg, id=106, 995.72pt x 782.925pt>
File: Results/Q3/a/qaInputRot45.jpg Graphic file (type jpg)
<use Results/Q3/a/qaInputRot45.jpg>
Package pdftex.def Info: Results/Q3/a/qaInputRot45.jpg  used on input line 563.
(pdftex.def)             Requested size: 108.55716pt x 85.35826pt.

Overfull \hbox (5.0561pt too wide) in paragraph at lines 563--563
 [][] 
 []

<Results/Q3/a/qaInputRot60.jpg, id=107, 995.72pt x 782.925pt>
File: Results/Q3/a/qaInputRot60.jpg Graphic file (type jpg)
<use Results/Q3/a/qaInputRot60.jpg>
Package pdftex.def Info: Results/Q3/a/qaInputRot60.jpg  used on input line 565.
(pdftex.def)             Requested size: 108.55716pt x 85.35826pt.

Overfull \hbox (5.0561pt too wide) in paragraph at lines 565--565
 [][] 
 []

[14 <./Results/Q3/a/qaTemplate.jpg> <./Results/Q3/a/qaTemplateGrey.jpg> <./Results/Q3/a/qaTemplateGreyRot.jpg> <./Results/Q3/a/qaConv.jpg> <./Results/Q3/a/qaConv2.jpg> <./Results/Q3/a/qaAddedConv.jpg> <./Results/Q3/a/qaThresh.jpg> <./Results/Q3/a/qaCentroid.jpg> <./Results/Q3/a/qaP2S.jpg>]
<Results/Q3/a/qaConv1-30.jpg, id=111, 995.72pt x 782.925pt>
File: Results/Q3/a/qaConv1-30.jpg Graphic file (type jpg)
<use Results/Q3/a/qaConv1-30.jpg>
Package pdftex.def Info: Results/Q3/a/qaConv1-30.jpg  used on input line 572.
(pdftex.def)             Requested size: 108.55716pt x 85.35826pt.

Overfull \hbox (5.0561pt too wide) in paragraph at lines 572--572
 [][] 
 []

<Results/Q3/a/qaConv1-45.jpg, id=112, 995.72pt x 782.925pt>
File: Results/Q3/a/qaConv1-45.jpg Graphic file (type jpg)
<use Results/Q3/a/qaConv1-45.jpg>
Package pdftex.def Info: Results/Q3/a/qaConv1-45.jpg  used on input line 574.
(pdftex.def)             Requested size: 108.55716pt x 85.35826pt.

Overfull \hbox (5.0561pt too wide) in paragraph at lines 574--574
 [][] 
 []

<Results/Q3/a/qaConv1-60.jpg, id=113, 995.72pt x 782.925pt>
File: Results/Q3/a/qaConv1-60.jpg Graphic file (type jpg)
<use Results/Q3/a/qaConv1-60.jpg>
Package pdftex.def Info: Results/Q3/a/qaConv1-60.jpg  used on input line 576.
(pdftex.def)             Requested size: 108.55716pt x 85.35826pt.

Overfull \hbox (5.0561pt too wide) in paragraph at lines 576--576
 [][] 
 []

<Results/Q3/a/qaConv2-30.jpg, id=114, 995.72pt x 782.925pt>
File: Results/Q3/a/qaConv2-30.jpg Graphic file (type jpg)
<use Results/Q3/a/qaConv2-30.jpg>
Package pdftex.def Info: Results/Q3/a/qaConv2-30.jpg  used on input line 583.
(pdftex.def)             Requested size: 108.55716pt x 85.35826pt.

Overfull \hbox (5.0561pt too wide) in paragraph at lines 583--583
 [][] 
 []

<Results/Q3/a/qaConv2-45.jpg, id=115, 995.72pt x 782.925pt>
File: Results/Q3/a/qaConv2-45.jpg Graphic file (type jpg)
<use Results/Q3/a/qaConv2-45.jpg>
Package pdftex.def Info: Results/Q3/a/qaConv2-45.jpg  used on input line 585.
(pdftex.def)             Requested size: 108.55716pt x 85.35826pt.

Overfull \hbox (5.0561pt too wide) in paragraph at lines 585--585
 [][] 
 []

<Results/Q3/a/qaConv2-60.jpg, id=116, 995.72pt x 782.925pt>
File: Results/Q3/a/qaConv2-60.jpg Graphic file (type jpg)
<use Results/Q3/a/qaConv2-60.jpg>
Package pdftex.def Info: Results/Q3/a/qaConv2-60.jpg  used on input line 587.
(pdftex.def)             Requested size: 108.55716pt x 85.35826pt.

Overfull \hbox (5.0561pt too wide) in paragraph at lines 587--587
 [][] 
 []

<Results/Q3/a/qaAddedConv30.jpg, id=117, 995.72pt x 782.925pt>
File: Results/Q3/a/qaAddedConv30.jpg Graphic file (type jpg)
<use Results/Q3/a/qaAddedConv30.jpg>
Package pdftex.def Info: Results/Q3/a/qaAddedConv30.jpg  used on input line 594.
(pdftex.def)             Requested size: 108.55716pt x 85.35826pt.

Overfull \hbox (5.0561pt too wide) in paragraph at lines 594--594
 [][] 
 []


Underfull \hbox (badness 3668) in paragraph at lines 594--594
[]\T1/cmr/m/n/9 (a) |Ad-ded Con-vo-lu-tion
 []

<Results/Q3/a/qaAddedConv45.jpg, id=118, 995.72pt x 782.925pt>
File: Results/Q3/a/qaAddedConv45.jpg Graphic file (type jpg)
<use Results/Q3/a/qaAddedConv45.jpg>
Package pdftex.def Info: Results/Q3/a/qaAddedConv45.jpg  used on input line 596.
(pdftex.def)             Requested size: 108.55716pt x 85.35826pt.

Overfull \hbox (5.0561pt too wide) in paragraph at lines 596--596
 [][] 
 []


Underfull \hbox (badness 3148) in paragraph at lines 596--596
[]\T1/cmr/m/n/9 (b) |Ad-ded Con-vo-lu-tion
 []

<Results/Q3/a/qaAddedConv60.jpg, id=119, 995.72pt x 782.925pt>
File: Results/Q3/a/qaAddedConv60.jpg Graphic file (type jpg)
<use Results/Q3/a/qaAddedConv60.jpg>
Package pdftex.def Info: Results/Q3/a/qaAddedConv60.jpg  used on input line 598.
(pdftex.def)             Requested size: 108.55716pt x 85.35826pt.

Overfull \hbox (5.0561pt too wide) in paragraph at lines 598--598
 [][] 
 []


Underfull \hbox (badness 4254) in paragraph at lines 598--598
[]\T1/cmr/m/n/9 (c) |Ad-ded Con-vo-lu-tion
 []

[15 <./Results/Q3/a/qaOverlay.jpg> <./Results/Q3/a/qaInputRot30.jpg> <./Results/Q3/a/qaInputRot45.jpg> <./Results/Q3/a/qaInputRot60.jpg> <./Results/Q3/a/qaConv1-30.jpg> <./Results/Q3/a/qaConv1-45.jpg> <./Results/Q3/a/qaConv1-60.jpg>]
<Results/Q3/a/qaThresh30.jpg, id=125, 995.72pt x 782.925pt>
File: Results/Q3/a/qaThresh30.jpg Graphic file (type jpg)
<use Results/Q3/a/qaThresh30.jpg>
Package pdftex.def Info: Results/Q3/a/qaThresh30.jpg  used on input line 605.
(pdftex.def)             Requested size: 108.55716pt x 85.35826pt.

Overfull \hbox (5.0561pt too wide) in paragraph at lines 605--605
 [][] 
 []

<Results/Q3/a/qaThresh45.jpg, id=126, 995.72pt x 782.925pt>
File: Results/Q3/a/qaThresh45.jpg Graphic file (type jpg)
<use Results/Q3/a/qaThresh45.jpg>
Package pdftex.def Info: Results/Q3/a/qaThresh45.jpg  used on input line 607.
(pdftex.def)             Requested size: 108.55716pt x 85.35826pt.

Overfull \hbox (5.0561pt too wide) in paragraph at lines 607--607
 [][] 
 []

<Results/Q3/a/qaThresh60.jpg, id=127, 995.72pt x 782.925pt>
File: Results/Q3/a/qaThresh60.jpg Graphic file (type jpg)
<use Results/Q3/a/qaThresh60.jpg>
Package pdftex.def Info: Results/Q3/a/qaThresh60.jpg  used on input line 609.
(pdftex.def)             Requested size: 108.55716pt x 85.35826pt.

Overfull \hbox (5.0561pt too wide) in paragraph at lines 609--609
 [][] 
 []

<Results/Q3/a/qaCentroid30.jpg, id=128, 995.72pt x 782.925pt>
File: Results/Q3/a/qaCentroid30.jpg Graphic file (type jpg)
<use Results/Q3/a/qaCentroid30.jpg>
Package pdftex.def Info: Results/Q3/a/qaCentroid30.jpg  used on input line 616.
(pdftex.def)             Requested size: 108.55716pt x 85.35826pt.

Overfull \hbox (5.0561pt too wide) in paragraph at lines 616--616
 [][] 
 []

<Results/Q3/a/qaCentroid45.jpg, id=129, 995.72pt x 782.925pt>
File: Results/Q3/a/qaCentroid45.jpg Graphic file (type jpg)
<use Results/Q3/a/qaCentroid45.jpg>
Package pdftex.def Info: Results/Q3/a/qaCentroid45.jpg  used on input line 618.
(pdftex.def)             Requested size: 108.55716pt x 85.35826pt.

Overfull \hbox (5.0561pt too wide) in paragraph at lines 618--618
 [][] 
 []

<Results/Q3/a/qaCentroid60.jpg, id=130, 995.72pt x 782.925pt>
File: Results/Q3/a/qaCentroid60.jpg Graphic file (type jpg)
<use Results/Q3/a/qaCentroid60.jpg>
Package pdftex.def Info: Results/Q3/a/qaCentroid60.jpg  used on input line 620.
(pdftex.def)             Requested size: 108.55716pt x 85.35826pt.

Overfull \hbox (5.0561pt too wide) in paragraph at lines 620--620
 [][] 
 []

<Results/Q3/a/qaP2S30.jpg, id=131, 995.72pt x 782.925pt>
File: Results/Q3/a/qaP2S30.jpg Graphic file (type jpg)
<use Results/Q3/a/qaP2S30.jpg>
Package pdftex.def Info: Results/Q3/a/qaP2S30.jpg  used on input line 627.
(pdftex.def)             Requested size: 108.55716pt x 85.35826pt.

Overfull \hbox (5.0561pt too wide) in paragraph at lines 627--627
 [][] 
 []

<Results/Q3/a/qaP2S45.jpg, id=132, 995.72pt x 782.925pt>
File: Results/Q3/a/qaP2S45.jpg Graphic file (type jpg)
<use Results/Q3/a/qaP2S45.jpg>
Package pdftex.def Info: Results/Q3/a/qaP2S45.jpg  used on input line 629.
(pdftex.def)             Requested size: 108.55716pt x 85.35826pt.

Overfull \hbox (5.0561pt too wide) in paragraph at lines 629--629
 [][] 
 []

<Results/Q3/a/qaP2S60.jpg, id=133, 995.72pt x 782.925pt>
File: Results/Q3/a/qaP2S60.jpg Graphic file (type jpg)
<use Results/Q3/a/qaP2S60.jpg>
Package pdftex.def Info: Results/Q3/a/qaP2S60.jpg  used on input line 631.
(pdftex.def)             Requested size: 108.55716pt x 85.35826pt.

Overfull \hbox (5.0561pt too wide) in paragraph at lines 631--631
 [][] 
 []

<Results/Q3/a/qaOverlay30.jpg, id=134, 995.72pt x 782.925pt>
File: Results/Q3/a/qaOverlay30.jpg Graphic file (type jpg)
<use Results/Q3/a/qaOverlay30.jpg>
Package pdftex.def Info: Results/Q3/a/qaOverlay30.jpg  used on input line 638.
(pdftex.def)             Requested size: 108.55716pt x 85.35826pt.

Overfull \hbox (5.0561pt too wide) in paragraph at lines 638--638
 [][] 
 []

<Results/Q3/a/qaOverlay45.jpg, id=135, 995.72pt x 782.925pt>
File: Results/Q3/a/qaOverlay45.jpg Graphic file (type jpg)
<use Results/Q3/a/qaOverlay45.jpg>
Package pdftex.def Info: Results/Q3/a/qaOverlay45.jpg  used on input line 640.
(pdftex.def)             Requested size: 108.55716pt x 85.35826pt.

Overfull \hbox (5.0561pt too wide) in paragraph at lines 640--640
 [][] 
 []

<Results/Q3/a/qaOverlay60.jpg, id=136, 995.72pt x 782.925pt>
File: Results/Q3/a/qaOverlay60.jpg Graphic file (type jpg)
<use Results/Q3/a/qaOverlay60.jpg>
Package pdftex.def Info: Results/Q3/a/qaOverlay60.jpg  used on input line 642.
(pdftex.def)             Requested size: 108.55716pt x 85.35826pt.

Overfull \hbox (5.0561pt too wide) in paragraph at lines 642--642
 [][] 
 []

[16 <./Results/Q3/a/qaConv2-30.jpg> <./Results/Q3/a/qaConv2-45.jpg> <./Results/Q3/a/qaConv2-60.jpg> <./Results/Q3/a/qaAddedConv30.jpg> <./Results/Q3/a/qaAddedConv45.jpg> <./Results/Q3/a/qaAddedConv60.jpg> <./Results/Q3/a/qaThresh30.jpg> <./Results/Q3/a/qaThresh45.jpg> <./Results/Q3/a/qaThresh60.jpg> <./Results/Q3/a/qaCentroid30.jpg> <./Results/Q3/a/qaCentroid45.jpg> <./Results/Q3/a/qaCentroid60.jpg>]
<Results/Q3/a/qaThreshVal32.jpg, id=140, 995.72pt x 782.925pt>
File: Results/Q3/a/qaThreshVal32.jpg Graphic file (type jpg)
<use Results/Q3/a/qaThreshVal32.jpg>
Package pdftex.def Info: Results/Q3/a/qaThreshVal32.jpg  used on input line 649.
(pdftex.def)             Requested size: 108.55716pt x 85.35826pt.

Overfull \hbox (5.0561pt too wide) in paragraph at lines 649--649
 [][] 
 []

<Results/Q3/a/qaThreshVal50.jpg, id=141, 995.72pt x 782.925pt>
File: Results/Q3/a/qaThreshVal50.jpg Graphic file (type jpg)
<use Results/Q3/a/qaThreshVal50.jpg>
Package pdftex.def Info: Results/Q3/a/qaThreshVal50.jpg  used on input line 651.
(pdftex.def)             Requested size: 108.55716pt x 85.35826pt.

Overfull \hbox (5.0561pt too wide) in paragraph at lines 651--651
 [][] 
 []

<Results/Q3/a/qaThreshVal60.jpg, id=142, 995.72pt x 782.925pt>
File: Results/Q3/a/qaThreshVal60.jpg Graphic file (type jpg)
<use Results/Q3/a/qaThreshVal60.jpg>
Package pdftex.def Info: Results/Q3/a/qaThreshVal60.jpg  used on input line 653.
(pdftex.def)             Requested size: 108.55716pt x 85.35826pt.

Overfull \hbox (5.0561pt too wide) in paragraph at lines 653--653
 [][] 
 []

<Results/Q3/b/qbDilation.jpg, id=143, 995.72pt x 782.925pt>
File: Results/Q3/b/qbDilation.jpg Graphic file (type jpg)
<use Results/Q3/b/qbDilation.jpg>
Package pdftex.def Info: Results/Q3/b/qbDilation.jpg  used on input line 661.
(pdftex.def)             Requested size: 108.55716pt x 85.35826pt.

Overfull \hbox (5.0561pt too wide) in paragraph at lines 661--661
 [][] 
 []

<Results/Q3/b/qbConvolution.jpg, id=144, 995.72pt x 782.925pt>
File: Results/Q3/b/qbConvolution.jpg Graphic file (type jpg)
<use Results/Q3/b/qbConvolution.jpg>
Package pdftex.def Info: Results/Q3/b/qbConvolution.jpg  used on input line 663.
(pdftex.def)             Requested size: 108.55716pt x 85.35826pt.

Overfull \hbox (5.0561pt too wide) in paragraph at lines 663--663
 [][] 
 []

<Results/Q3/b/qbThreshold.jpg, id=145, 995.72pt x 782.925pt>
File: Results/Q3/b/qbThreshold.jpg Graphic file (type jpg)
<use Results/Q3/b/qbThreshold.jpg>
Package pdftex.def Info: Results/Q3/b/qbThreshold.jpg  used on input line 665.
(pdftex.def)             Requested size: 108.55716pt x 85.35826pt.

Overfull \hbox (5.0561pt too wide) in paragraph at lines 665--665
 [][] 
 []

<Results/Q3/b/qbCentroid.jpg, id=146, 995.72pt x 782.925pt>
File: Results/Q3/b/qbCentroid.jpg Graphic file (type jpg)
<use Results/Q3/b/qbCentroid.jpg>
Package pdftex.def Info: Results/Q3/b/qbCentroid.jpg  used on input line 673.
(pdftex.def)             Requested size: 108.55716pt x 85.35826pt.

Overfull \hbox (5.0561pt too wide) in paragraph at lines 673--673
 [][] 
 []

<Results/Q3/b/qbP2S.jpg, id=147, 995.72pt x 782.925pt>
File: Results/Q3/b/qbP2S.jpg Graphic file (type jpg)
<use Results/Q3/b/qbP2S.jpg>
Package pdftex.def Info: Results/Q3/b/qbP2S.jpg  used on input line 675.
(pdftex.def)             Requested size: 108.55716pt x 85.35826pt.

Overfull \hbox (5.0561pt too wide) in paragraph at lines 675--675
 [][] 
 []

<Results/Q3/b/qbOverlay.jpg, id=148, 995.72pt x 782.925pt>
File: Results/Q3/b/qbOverlay.jpg Graphic file (type jpg)
<use Results/Q3/b/qbOverlay.jpg>
Package pdftex.def Info: Results/Q3/b/qbOverlay.jpg  used on input line 677.
(pdftex.def)             Requested size: 108.55716pt x 85.35826pt.

Overfull \hbox (5.0561pt too wide) in paragraph at lines 677--677
 [][] 
 []

[17 <./Results/Q3/a/qaP2S30.jpg> <./Results/Q3/a/qaP2S45.jpg> <./Results/Q3/a/qaP2S60.jpg> <./Results/Q3/a/qaOverlay30.jpg> <./Results/Q3/a/qaOverlay45.jpg> <./Results/Q3/a/qaOverlay60.jpg> <./Results/Q3/a/qaThreshVal32.jpg> <./Results/Q3/a/qaThreshVal50.jpg> <./Results/Q3/a/qaThreshVal60.jpg> <./Results/Q3/b/qbDilation.jpg> <./Results/Q3/b/qbConvolution.jpg> <./Results/Q3/b/qbThreshold.jpg>]
<Results/Q3/c/qcOverlay001.jpg, id=152, 995.72pt x 782.925pt>
File: Results/Q3/c/qcOverlay001.jpg Graphic file (type jpg)
<use Results/Q3/c/qcOverlay001.jpg>
Package pdftex.def Info: Results/Q3/c/qcOverlay001.jpg  used on input line 685.
(pdftex.def)             Requested size: 180.92352pt x 142.26378pt.

Overfull \hbox (8.42352pt too wide) in paragraph at lines 685--685
 [][] 
 []

<Results/Q3/c/qcOverlay01.jpg, id=153, 995.72pt x 782.925pt>
File: Results/Q3/c/qcOverlay01.jpg Graphic file (type jpg)
<use Results/Q3/c/qcOverlay01.jpg>
Package pdftex.def Info: Results/Q3/c/qcOverlay01.jpg  used on input line 687.
(pdftex.def)             Requested size: 180.92352pt x 142.26378pt.

Overfull \hbox (8.42352pt too wide) in paragraph at lines 687--687
 [][] 
 []

[18 <./Results/Q3/b/qbCentroid.jpg> <./Results/Q3/b/qbP2S.jpg> <./Results/Q3/b/qbOverlay.jpg> <./Results/Q3/c/qcOverlay001.jpg> <./Results/Q3/c/qcOverlay01.jpg>] [19] [20] [21] [22] [23] [24] [25] [26] [27] [28] [29] [30] [31] [32] [33] [34] (./AssignmentReport.aux)

LaTeX Warning: There were multiply-defined labels.

 ) 
Here is how much of TeX's memory you used:
 8253 strings out of 492615
 124208 string characters out of 6131390
 332088 words of memory out of 5000000
 11922 multiletter control sequences out of 15000+600000
 14163 words of font info for 42 fonts, out of 8000000 for 9000
 1141 hyphenation exceptions out of 8191
 42i,9n,46p,295b,1571s stack positions out of 5000i,500n,10000p,200000b,80000s
{/usr/share/texmf/fonts/enc/dvips/cm-super/cm-super-ts1.enc}{/usr/share/texmf/fonts/enc/dvips/cm-super/cm-super-t1.enc}</usr/share/texlive/texmf-dist/fonts/type1/public/amsfonts/cm/cmmi10.pfb></usr/share/texlive/texmf-dist/fonts/type1/public/amsfonts/cm/cmr10.pfb></usr/share/texlive/texmf-dist/fonts/type1/public/amsfonts/cm/cmr9.pfb></usr/share/texlive/texmf-dist/fonts/type1/public/amsfonts/cm/cmsy10.pfb></usr/share/texlive/texmf-dist/fonts/type1/public/amsfonts/cm/cmsy6.pfb></usr/share/texlive/texmf-dist/fonts/type1/public/amsfonts/cm/cmsy7.pfb></usr/share/texlive/texmf-dist/fonts/type1/public/amsfonts/cm/cmsy9.pfb></usr/share/texmf/fonts/type1/public/cm-super/sfbx1000.pfb></usr/share/texmf/fonts/type1/public/cm-super/sfbx1200.pfb></usr/share/texmf/fonts/type1/public/cm-super/sfbx1440.pfb></usr/share/texmf/fonts/type1/public/cm-super/sfrm0900.pfb></usr/share/texmf/fonts/type1/public/cm-super/sfrm1000.pfb>
Output written on AssignmentReport.pdf (34 pages, 6842130 bytes).
PDF statistics:
 252 PDF objects out of 1000 (max. 8388607)
 116 compressed objects within 2 object streams
 0 named destinations out of 1000 (max. 500000)
 431 words of extra memory for PDF output out of 10000 (max. 10000000)

